20250709	18:28:42	aa95c1d3-535f-4a05-915d-accabbc41241	GET	/index.html	undefined
20250709	18:28:42	d9838f55-07ca-4fb8-8d51-1e9b78f16cd3	GET	/index.html	undefined
20250709	18:28:42	8f3ac721-78e7-4a47-9286-e41c3a5e3173	GET	/css/style.css	undefined
20250709	18:28:42	1ca723dd-4c8a-4c9a-9b7f-7132b446004c	GET	/css/style.css	undefined
20250709	18:28:42	1e2dd5a5-33ac-42cf-ac53-877ba4e313fb	GET	/favicon.ico	undefined
20250709	18:28:42	5dd14f61-902c-456f-8405-ac8e886b18ca	GET	/favicon.ico	undefined
20250709	18:45:05	f5a397bd-0de5-420d-88dc-25a6639fd889	GET	/	undefined
20250709	18:45:05	7cf2ad7a-b616-42b1-8106-4551b1be3d07	GET	/css/style.css	undefined
20250709	18:53:09	df3ed240-2c86-467c-8a16-257f88c33e69	OPTIONS	/	https://www.google.com
20250709	18:53:09	3d3bacdf-099f-4dce-a1d8-82d4befa5742	GET	/	https://www.google.com
20250711	14:27:38	82bae779-6a1b-4abe-8196-2bf52fa4e1a4	GET	/	undefined
20250711	14:27:38	e50285be-7ece-4c2e-9c1d-f4b9525d84fd	GET	/css/style.css	undefined
20250711	14:27:38	b08d8ba4-d4d8-4e1a-bb9d-96a3ac3d38ae	GET	/favicon.ico	undefined
20250711	14:27:46	c491bd92-b804-4e03-bab1-5fcb787bd850	GET	/about	undefined
20250711	14:27:46	689582c7-d6f0-4836-a136-8b758cdead84	GET	/css/style.css	undefined
20250711	14:27:49	6f42c22b-e100-4382-aac0-8bdb4402c6b2	GET	/	undefined
20250711	14:27:49	d2063cd1-43c8-478d-bcd4-ca9f64d2caa9	GET	/css/style.css	undefined
20250711	14:28:11	9b64810d-f1d3-4e12-8ce7-d152347ffe9e	GET	/index	undefined
20250711	14:28:12	def82a94-4579-4833-b676-3bc553269fd0	GET	/css/style.css	undefined
20250711	14:28:15	e3518131-3c5e-455a-9d6e-0285679088a3	GET	/index.html	undefined
20250711	14:28:15	705f31b2-56a9-4499-a937-4aa519ec7320	GET	/css/style.css	undefined
